#
# There is insufficient memory for the Java Runtime Environment to continue.
# Native memory allocation (malloc) failed to allocate 1891456 bytes for Chunk::new
# Possible reasons:
#   The system is out of physical RAM or swap space
#   In 32 bit mode, the process size limit was hit
# Possible solutions:
#   Reduce memory load on the system
#   Increase physical memory or swap space
#   Check if swap backing store is full
#   Use 64 bit Java on a 64 bit OS
#   Decrease Java heap size (-Xmx/-Xms)
#   Decrease number of Java threads
#   Decrease Java thread stack sizes (-Xss)
#   Set larger code cache with -XX:ReservedCodeCacheSize=
# This output file may be truncated or incomplete.
#
#  Out of Memory Error (allocation.cpp:323), pid=5420, tid=5096
#
# JRE version: Java(TM) SE Runtime Environment (7.0_51-b13) (build 1.7.0_51-b13)
# Java VM: Java HotSpot(TM) 64-Bit Server VM (24.51-b03 mixed mode windows-amd64 compressed oops)
# Failed to write core dump. Minidumps are not enabled by default on client versions of Windows
#

---------------  T H R E A D  ---------------

Current thread (0x0000000002984800):  JavaThread "C2 CompilerThread1" daemon [_thread_in_native, id=5096, stack(0x000000000b9a0000,0x000000000baa0000)]

Stack: [0x000000000b9a0000,0x000000000baa0000]
[error occurred during error reporting (printing stack bounds), id 0xc0000005]


[error occurred during error reporting (printing native stack), id 0xc0000005]


Current CompileTask:
C2:  10432  676   !         java.beans.Introspector::getTargetPropertyInfo (589 bytes)


---------------  P R O C E S S  ---------------

Java Threads: ( => current thread )
  0x000000000ca75000 JavaThread "File lock request listener" [_thread_in_native, id=240, stack(0x000000000e130000,0x000000000e230000)]
  0x000000000c347800 JavaThread "Stdin handler" [_thread_blocked, id=7288, stack(0x000000000e030000,0x000000000e130000)]
  0x000000000c346800 JavaThread "Daemon worker" [_thread_in_native, id=6320, stack(0x000000000df30000,0x000000000e030000)]
  0x000000000c3a5800 JavaThread "Cancel handler" [_thread_blocked, id=10072, stack(0x000000000de30000,0x000000000df30000)]
  0x000000000c3a2800 JavaThread "Handler for socket connection from /127.0.0.1:52961 to /127.0.0.1:52962" [_thread_in_native, id=9508, stack(0x000000000dd30000,0x000000000de30000)]
  0x000000000c219000 JavaThread "Daemon" [_thread_blocked, id=9000, stack(0x000000000dc30000,0x000000000dd30000)]
  0x000000000c104800 JavaThread "Incoming local TCP Connector on port 52961" [_thread_in_native, id=2104, stack(0x000000000dad0000,0x000000000dbd0000)]
  0x0000000002985000 JavaThread "Service Thread" daemon [_thread_blocked, id=220, stack(0x000000000baa0000,0x000000000bba0000)]
=>0x0000000002984800 JavaThread "C2 CompilerThread1" daemon [_thread_in_native, id=5096, stack(0x000000000b9a0000,0x000000000baa0000)]
  0x000000000297e800 JavaThread "C2 CompilerThread0" daemon [_thread_in_native, id=3668, stack(0x000000000b8a0000,0x000000000b9a0000)]
  0x000000000b2c1000 JavaThread "Attach Listener" daemon [_thread_blocked, id=9692, stack(0x000000000b7a0000,0x000000000b8a0000)]
  0x000000000b2c0800 JavaThread "Signal Dispatcher" daemon [_thread_blocked, id=4288, stack(0x000000000b6a0000,0x000000000b7a0000)]
  0x00000000092b0000 JavaThread "Finalizer" daemon [_thread_blocked, id=6516, stack(0x000000000b1a0000,0x000000000b2a0000)]
  0x00000000092a6000 JavaThread "Reference Handler" daemon [_thread_blocked, id=7072, stack(0x000000000b0a0000,0x000000000b1a0000)]
  0x0000000000f8d800 JavaThread "main" [_thread_blocked, id=8580, stack(0x00000000026e0000,0x00000000027e0000)]

Other Threads:
  0x00000000092a4800 VMThread [stack: 0x000000000afa0000,0x000000000b0a0000] [id=9908]
  0x000000000b2d1800 WatcherThread [stack: 0x000000000bba0000,0x000000000bca0000] [id=2972]

VM state:not at safepoint (normal execution)

VM Mutex/Monitor currently owned by a thread: None

Heap
 PSYoungGen      total 140800K, used 18103K [0x00000000eaa80000, 0x00000000f3f80000, 0x0000000100000000)
  eden space 130560K, 6% used [0x00000000eaa80000,0x00000000eb22ef30,0x00000000f2a00000)
  from space 10240K, 99% used [0x00000000f3480000,0x00000000f3e7edf8,0x00000000f3e80000)
  to   space 10752K, 0% used [0x00000000f2a00000,0x00000000f2a00000,0x00000000f3480000)
 ParOldGen       total 86016K, used 30239K [0x00000000c0000000, 0x00000000c5400000, 0x00000000eaa80000)
  object space 86016K, 35% used [0x00000000c0000000,0x00000000c1d87e38,0x00000000c5400000)
 PSPermGen       total 34816K, used 34584K [0x00000000b0000000, 0x00000000b2200000, 0x00000000c0000000)
  object space 34816K, 99% used [0x00000000b0000000,0x00000000b21c6128,0x00000000b2200000)

Card table byte_map: [0x0000000005a50000,0x0000000005ce0000] byte_map_base: 0x00000000054d0000

Polling page: 0x0000000000da0000

Code Cache  [0x0000000002990000, 0x0000000002ce0000, 0x0000000005990000)
 total_blobs=1242 nmethods=646 adapters=548 free_code_cache=45885Kb largest_free_block=46880000

Compilation events (10 events):
Event: 9.626 Thread 0x0000000002984800 nmethod 671 0x0000000002be2a90 code [0x0000000002be2be0, 0x0000000002be2ca8]
Event: 9.626 Thread 0x0000000002984800  672             org.codehaus.groovy.util.FastArray::getArray (5 bytes)
Event: 9.627 Thread 0x0000000002984800 nmethod 672 0x0000000002c7a490 code [0x0000000002c7a5c0, 0x0000000002c7a618]
Event: 9.627 Thread 0x0000000002984800  673             groovy.lang.MetaMethod::isStatic (16 bytes)
Event: 9.627 Thread 0x0000000002984800 nmethod 673 0x0000000002be2810 code [0x0000000002be2960, 0x0000000002be29f8]
Event: 9.627 Thread 0x0000000002984800  674   !         java.beans.Introspector::getPublicDeclaredMethods (92 bytes)
Event: 9.634 Thread 0x0000000002984800 nmethod 674 0x0000000002a63090 code [0x0000000002a63280, 0x0000000002a63a00]
Event: 9.634 Thread 0x0000000002984800  675             java.beans.Introspector::getTargetEventInfo (1089 bytes)
Event: 9.768 Thread 0x0000000002984800 nmethod 675 0x0000000002cae810 code [0x0000000002caefa0, 0x0000000002cb3150]
Event: 9.770 Thread 0x0000000002984800  676   !         java.beans.Introspector::getTargetPropertyInfo (589 bytes)

GC Heap History (10 events):
Event: 6.493 GC heap before
{Heap before GC invocations=10 (full 0):
 PSYoungGen      total 141312K, used 135923K [0x00000000eaa80000, 0x00000000f3f80000, 0x0000000100000000)
  eden space 130560K, 100% used [0x00000000eaa80000,0x00000000f2a00000,0x00000000f2a00000)
  from space 10752K, 49% used [0x00000000f2a00000,0x00000000f2f3ced0,0x00000000f3480000)
  to   space 10240K, 0% used [0x00000000f3480000,0x00000000f3480000,0x00000000f3e80000)
 ParOldGen       total 86016K, used 13454K [0x00000000c0000000, 0x00000000c5400000, 0x00000000eaa80000)
  object space 86016K, 15% used [0x00000000c0000000,0x00000000c0d238e0,0x00000000c5400000)
 PSPermGen       total 24576K, used 24068K [0x00000000b0000000, 0x00000000b1800000, 0x00000000c0000000)
  object space 24576K, 97% used [0x00000000b0000000,0x00000000b1781098,0x00000000b1800000)
Event: 6.501 GC heap after
Heap after GC invocations=10 (full 0):
 PSYoungGen      total 140800K, used 6724K [0x00000000eaa80000, 0x00000000f3f80000, 0x0000000100000000)
  eden space 130560K, 0% used [0x00000000eaa80000,0x00000000eaa80000,0x00000000f2a00000)
  from space 10240K, 65% used [0x00000000f3480000,0x00000000f3b111f8,0x00000000f3e80000)
  to   space 10752K, 0% used [0x00000000f2a00000,0x00000000f2a00000,0x00000000f3480000)
 ParOldGen       total 86016K, used 14054K [0x00000000c0000000, 0x00000000c5400000, 0x00000000eaa80000)
  object space 86016K, 16% used [0x00000000c0000000,0x00000000c0db98e0,0x00000000c5400000)
 PSPermGen       total 24576K, used 24068K [0x00000000b0000000, 0x00000000b1800000, 0x00000000c0000000)
  object space 24576K, 97% used [0x00000000b0000000,0x00000000b1781098,0x00000000b1800000)
}
Event: 7.243 GC heap before
{Heap before GC invocations=11 (full 0):
 PSYoungGen      total 140800K, used 137284K [0x00000000eaa80000, 0x00000000f3f80000, 0x0000000100000000)
  eden space 130560K, 100% used [0x00000000eaa80000,0x00000000f2a00000,0x00000000f2a00000)
  from space 10240K, 65% used [0x00000000f3480000,0x00000000f3b111f8,0x00000000f3e80000)
  to   space 10752K, 0% used [0x00000000f2a00000,0x00000000f2a00000,0x00000000f3480000)
 ParOldGen       total 86016K, used 14054K [0x00000000c0000000, 0x00000000c5400000, 0x00000000eaa80000)
  object space 86016K, 16% used [0x00000000c0000000,0x00000000c0db98e0,0x00000000c5400000)
 PSPermGen       total 25600K, used 25205K [0x00000000b0000000, 0x00000000b1900000, 0x00000000c0000000)
  object space 25600K, 98% used [0x00000000b0000000,0x00000000b189d770,0x00000000b1900000)
Event: 7.251 GC heap after
Heap after GC invocations=11 (full 0):
 PSYoungGen      total 141312K, used 4633K [0x00000000eaa80000, 0x00000000f3f80000, 0x0000000100000000)
  eden space 130560K, 0% used [0x00000000eaa80000,0x00000000eaa80000,0x00000000f2a00000)
  from space 10752K, 43% used [0x00000000f2a00000,0x00000000f2e86690,0x00000000f3480000)
  to   space 10240K, 0% used [0x00000000f3480000,0x00000000f3480000,0x00000000f3e80000)
 ParOldGen       total 86016K, used 19581K [0x00000000c0000000, 0x00000000c5400000, 0x00000000eaa80000)
  object space 86016K, 22% used [0x00000000c0000000,0x00000000c131f600,0x00000000c5400000)
 PSPermGen       total 25600K, used 25205K [0x00000000b0000000, 0x00000000b1900000, 0x00000000c0000000)
  object space 25600K, 98% used [0x00000000b0000000,0x00000000b189d770,0x00000000b1900000)
}
Event: 8.219 GC heap before
{Heap before GC invocations=12 (full 0):
 PSYoungGen      total 141312K, used 135193K [0x00000000eaa80000, 0x00000000f3f80000, 0x0000000100000000)
  eden space 130560K, 100% used [0x00000000eaa80000,0x00000000f2a00000,0x00000000f2a00000)
  from space 10752K, 43% used [0x00000000f2a00000,0x00000000f2e86690,0x00000000f3480000)
  to   space 10240K, 0% used [0x00000000f3480000,0x00000000f3480000,0x00000000f3e80000)
 ParOldGen       total 86016K, used 19581K [0x00000000c0000000, 0x00000000c5400000, 0x00000000eaa80000)
  object space 86016K, 22% used [0x00000000c0000000,0x00000000c131f600,0x00000000c5400000)
 PSPermGen       total 29184K, used 28755K [0x00000000b0000000, 0x00000000b1c80000, 0x00000000c0000000)
  object space 29184K, 98% used [0x00000000b0000000,0x00000000b1c14f90,0x00000000b1c80000)
Event: 8.226 GC heap after
Heap after GC invocations=12 (full 0):
 PSYoungGen      total 140800K, used 4930K [0x00000000eaa80000, 0x00000000f3f80000, 0x0000000100000000)
  eden space 130560K, 0% used [0x00000000eaa80000,0x00000000eaa80000,0x00000000f2a00000)
  from space 10240K, 48% used [0x00000000f3480000,0x00000000f3950a48,0x00000000f3e80000)
  to   space 10752K, 0% used [0x00000000f2a00000,0x00000000f2a00000,0x00000000f3480000)
 ParOldGen       total 86016K, used 23477K [0x00000000c0000000, 0x00000000c5400000, 0x00000000eaa80000)
  object space 86016K, 27% used [0x00000000c0000000,0x00000000c16ed778,0x00000000c5400000)
 PSPermGen       total 29184K, used 28755K [0x00000000b0000000, 0x00000000b1c80000, 0x00000000c0000000)
  object space 29184K, 98% used [0x00000000b0000000,0x00000000b1c14f90,0x00000000b1c80000)
}
Event: 8.848 GC heap before
{Heap before GC invocations=13 (full 0):
 PSYoungGen      total 140800K, used 135490K [0x00000000eaa80000, 0x00000000f3f80000, 0x0000000100000000)
  eden space 130560K, 100% used [0x00000000eaa80000,0x00000000f2a00000,0x00000000f2a00000)
  from space 10240K, 48% used [0x00000000f3480000,0x00000000f3950a48,0x00000000f3e80000)
  to   space 10752K, 0% used [0x00000000f2a00000,0x00000000f2a00000,0x00000000f3480000)
 ParOldGen       total 86016K, used 23477K [0x00000000c0000000, 0x00000000c5400000, 0x00000000eaa80000)
  object space 86016K, 27% used [0x00000000c0000000,0x00000000c16ed778,0x00000000c5400000)
 PSPermGen       total 29184K, used 28934K [0x00000000b0000000, 0x00000000b1c80000, 0x00000000c0000000)
  object space 29184K, 99% used [0x00000000b0000000,0x00000000b1c41a68,0x00000000b1c80000)
Event: 8.852 GC heap after
Heap after GC invocations=13 (full 0):
 PSYoungGen      total 141312K, used 2368K [0x00000000eaa80000, 0x00000000f3f80000, 0x0000000100000000)
  eden space 130560K, 0% used [0x00000000eaa80000,0x00000000eaa80000,0x00000000f2a00000)
  from space 10752K, 22% used [0x00000000f2a00000,0x00000000f2c50020,0x00000000f3480000)
  to   space 10240K, 0% used [0x00000000f3480000,0x00000000f3480000,0x00000000f3e80000)
 ParOldGen       total 86016K, used 25834K [0x00000000c0000000, 0x00000000c5400000, 0x00000000eaa80000)
  object space 86016K, 30% used [0x00000000c0000000,0x00000000c193a930,0x00000000c5400000)
 PSPermGen       total 29184K, used 28934K [0x00000000b0000000, 0x00000000b1c80000, 0x00000000c0000000)
  object space 29184K, 99% used [0x00000000b0000000,0x00000000b1c41a68,0x00000000b1c80000)
}
Event: 10.158 GC heap before
{Heap before GC invocations=14 (full 0):
 PSYoungGen      total 141312K, used 132928K [0x00000000eaa80000, 0x00000000f3f80000, 0x0000000100000000)
  eden space 130560K, 100% used [0x00000000eaa80000,0x00000000f2a00000,0x00000000f2a00000)
  from space 10752K, 22% used [0x00000000f2a00000,0x00000000f2c50020,0x00000000f3480000)
  to   space 10240K, 0% used [0x00000000f3480000,0x00000000f3480000,0x00000000f3e80000)
 ParOldGen       total 86016K, used 25834K [0x00000000c0000000, 0x00000000c5400000, 0x00000000eaa80000)
  object space 86016K, 30% used [0x00000000c0000000,0x00000000c193a930,0x00000000c5400000)
 PSPermGen       total 34304K, used 33849K [0x00000000b0000000, 0x00000000b2180000, 0x00000000c0000000)
  object space 34304K, 98% used [0x00000000b0000000,0x00000000b210e5c0,0x00000000b2180000)
Event: 10.173 GC heap after
Heap after GC invocations=14 (full 0):
 PSYoungGen      total 140800K, used 10235K [0x00000000eaa80000, 0x00000000f3f80000, 0x0000000100000000)
  eden space 130560K, 0% used [0x00000000eaa80000,0x00000000eaa80000,0x00000000f2a00000)
  from space 10240K, 99% used [0x00000000f3480000,0x00000000f3e7edf8,0x00000000f3e80000)
  to   space 10752K, 0% used [0x00000000f2a00000,0x00000000f2a00000,0x00000000f3480000)
 ParOldGen       total 86016K, used 30239K [0x00000000c0000000, 0x00000000c5400000, 0x00000000eaa80000)
  object space 86016K, 35% used [0x00000000c0000000,0x00000000c1d87e38,0x00000000c5400000)
 PSPermGen       total 34304K, used 33849K [0x00000000b0000000, 0x00000000b2180000, 0x00000000c0000000)
  object space 34304K, 98% used [0x00000000b0000000,0x00000000b210e5c0,0x00000000b2180000)
}

Deoptimization events (10 events):
Event: 9.996 Thread 0x000000000c346800 Uncommon trap: reason=bimorphic action=maybe_recompile pc=0x0000000002c2c9f8 method=org.codehaus.groovy.util.SingleKeyHashMap.get(Ljava/lang/Object;)Ljava/lang/Object; @ 43
Event: 10.030 Thread 0x000000000c346800 Uncommon trap: reason=class_check action=maybe_recompile pc=0x0000000002c51bd0 method=java.util.regex.Pattern$Slice.match(Ljava/util/regex/Matcher;ILjava/lang/CharSequence;)Z @ 75
Event: 10.043 Thread 0x000000000c346800 Uncommon trap: reason=class_check action=maybe_recompile pc=0x0000000002c51bd0 method=java.util.regex.Pattern$Slice.match(Ljava/util/regex/Matcher;ILjava/lang/CharSequence;)Z @ 75
Event: 10.103 Thread 0x000000000c346800 Uncommon trap: reason=bimorphic action=maybe_recompile pc=0x0000000002bf2410 method=java.util.Hashtable.get(Ljava/lang/Object;)Ljava/lang/Object; @ 46
Event: 10.103 Thread 0x000000000c346800 Uncommon trap: reason=bimorphic action=maybe_recompile pc=0x0000000002bf2410 method=java.util.Hashtable.get(Ljava/lang/Object;)Ljava/lang/Object; @ 46
Event: 10.144 Thread 0x000000000c346800 Uncommon trap: reason=bimorphic action=maybe_recompile pc=0x0000000002bf2410 method=java.util.Hashtable.get(Ljava/lang/Object;)Ljava/lang/Object; @ 46
Event: 10.145 Thread 0x000000000c346800 Uncommon trap: reason=bimorphic action=maybe_recompile pc=0x0000000002bf2410 method=java.util.Hashtable.get(Ljava/lang/Object;)Ljava/lang/Object; @ 46
Event: 10.153 Thread 0x000000000c346800 Uncommon trap: reason=unreached action=reinterpret pc=0x0000000002c26f54 method=org.codehaus.groovy.runtime.metaclass.MetaMethodIndex.copyNonPrivateNonNewMetaMethods(Lorg/codehaus/groovy/runtime/metaclass/MetaMethodIndex$Entry;Lorg/codehaus/groovy/runtime/põ/GsN$@
Event: 10.153 Thread 0x000000000c346800 Uncommon trap: reason=unreached action=reinterpret pc=0x0000000002be6d38 method=groovy.lang.MetaClassImpl$1MOPIter.methodNameAction(Ljava/lang/Class;Lorg/codehaus/groovy/runtime/metaclass/MetaMethodIndex$Entry;)V @ 259
Event: 10.213 Thread 0x000000000c346800 Uncommon trap: reason=unreached action=reinterpret pc=0x0000000002a14458 method=java.lang.AbstractStringBuilder.append(Ljava/lang/String;)Ljava/lang/AbstractStringBuilder; @ 1

Internal exceptions (10 events):
Event: 10.275 Thread 0x000000000c346800 Threw 0x00000000eae34a18 at C:\re\jdk7u51\527\hotspot\src\share\vm\prims\jvm.cpp:1244
Event: 10.275 Thread 0x000000000c346800 Threw 0x00000000eae387a0 at C:\re\jdk7u51\527\hotspot\src\share\vm\prims\jvm.cpp:1244
Event: 10.275 Thread 0x000000000c346800 Threw 0x00000000eae39a80 at C:\re\jdk7u51\527\hotspot\src\share\vm\prims\jvm.cpp:1244
Event: 10.275 Thread 0x000000000c346800 Threw 0x00000000eae41df0 at C:\re\jdk7u51\527\hotspot\src\share\vm\prims\jvm.cpp:1244
Event: 10.276 Thread 0x000000000c346800 Threw 0x00000000eae484d0 at C:\re\jdk7u51\527\hotspot\src\share\vm\prims\jvm.cpp:1244
Event: 10.276 Thread 0x000000000c346800 Threw 0x00000000eae49960 at C:\re\jdk7u51\527\hotspot\src\share\vm\prims\jvm.cpp:1244
Event: 10.276 Thread 0x000000000c346800 Threw 0x00000000eae53ad8 at C:\re\jdk7u51\527\hotspot\src\share\vm\prims\jvm.cpp:1244
Event: 10.277 Thread 0x000000000c346800 Threw 0x00000000eae58f48 at C:\re\jdk7u51\527\hotspot\src\share\vm\prims\jvm.cpp:1244
Event: 10.277 Thread 0x000000000c346800 Threw 0x00000000eae5a058 at C:\re\jdk7u51\527\hotspot\src\share\vm\prims\jvm.cpp:1244
Event: 10.277 Thread 0x000000000c346800 Threw 0x00000000eae61210 at C:\re\jdk7u51\527\hotspot\src\share\vm\prims\jvm.cpp:1244

Events (10 events):
Event: 10.274 loading class 0x000000000cef1500
Event: 10.274 loading class 0x000000000cef1500 done
Event: 10.274 loading class 0x000000000cee4840
Event: 10.274 loading class 0x000000000cee4840 done
Event: 10.275 loading class 0x000000000ed4a1e0
Event: 10.275 loading class 0x000000000ed4a1e0 done
Event: 10.276 loading class 0x000000000f1e3f50
Event: 10.276 loading class 0x000000000f1e3f50 done
Event: 10.277 loading class 0x000000000c029150
Event: 10.277 loading class 0x000000000c029150 done


Dynamic libraries:
0x00007ff6d5d40000 - 0x00007ff6d5d73000 	C:\Program Files\Java\jdk1.7.0_51\bin\java.exe
0x00007ffb65930000 - 0x00007ffb65adc000 	C:\WINDOWS\SYSTEM32\ntdll.dll
0x00007ffb65680000 - 0x00007ffb657be000 	C:\WINDOWS\system32\KERNEL32.DLL
0x00007ffb62e30000 - 0x00007ffb62f45000 	C:\WINDOWS\system32\KERNELBASE.dll
0x00007ffb61600000 - 0x00007ffb6168e000 	C:\WINDOWS\system32\apphelp.dll
0x00007ffb50720000 - 0x00007ffb50773000 	C:\WINDOWS\AppPatch\AppPatch64\AcGenral.DLL
0x00007ffb63280000 - 0x00007ffb6332a000 	C:\WINDOWS\system32\msvcrt.dll
0x00007ffb62850000 - 0x00007ffb6287e000 	C:\WINDOWS\SYSTEM32\SspiCli.dll
0x00007ffb62fb0000 - 0x00007ffb63004000 	C:\WINDOWS\system32\SHLWAPI.dll
0x00007ffb63100000 - 0x00007ffb63277000 	C:\WINDOWS\system32\USER32.dll
0x00007ffb63b20000 - 0x00007ffb63cb4000 	C:\WINDOWS\system32\ole32.dll
0x00007ffb64160000 - 0x00007ffb65678000 	C:\WINDOWS\system32\SHELL32.dll
0x00007ffb62010000 - 0x00007ffb62031000 	C:\WINDOWS\SYSTEM32\USERENV.dll
0x00007ffb64050000 - 0x00007ffb640fa000 	C:\WINDOWS\system32\ADVAPI32.dll
0x00007ffb59af0000 - 0x00007ffb59b0e000 	C:\WINDOWS\SYSTEM32\MPR.dll
0x00007ffb657e0000 - 0x00007ffb65921000 	C:\WINDOWS\system32\RPCRT4.dll
0x00007ffb63080000 - 0x00007ffb630d9000 	C:\WINDOWS\SYSTEM32\sechost.dll
0x00007ffb63df0000 - 0x00007ffb64001000 	C:\WINDOWS\SYSTEM32\combase.dll
0x00007ffb63810000 - 0x00007ffb63961000 	C:\WINDOWS\system32\GDI32.dll
0x00007ffb62a80000 - 0x00007ffb62a95000 	C:\WINDOWS\SYSTEM32\profapi.dll
0x00007ffb610e0000 - 0x00007ffb61192000 	C:\WINDOWS\SYSTEM32\SHCORE.dll
0x00007ffb64010000 - 0x00007ffb64046000 	C:\WINDOWS\system32\IMM32.DLL
0x00007ffb636b0000 - 0x00007ffb63801000 	C:\WINDOWS\system32\MSCTF.dll
0x00007ffb5ff70000 - 0x00007ffb601eb000 	C:\WINDOWS\WinSxS\amd64_microsoft.windows.common-controls_6595b64144ccf1df_6.0.9600.17415_none_6240486fecbd8abb\COMCTL32.dll
0x000000005cf60000 - 0x000000005d032000 	C:\Program Files\Java\jdk1.7.0_51\jre\bin\msvcr100.dll
0x000000005c790000 - 0x000000005cf59000 	C:\Program Files\Java\jdk1.7.0_51\jre\bin\server\jvm.dll
0x00007ffb36f10000 - 0x00007ffb36f19000 	C:\WINDOWS\SYSTEM32\WSOCK32.dll
0x00007ffb54330000 - 0x00007ffb54352000 	C:\WINDOWS\SYSTEM32\WINMM.dll
0x00007ffb657d0000 - 0x00007ffb657d7000 	C:\WINDOWS\system32\PSAPI.DLL
0x00007ffb63cc0000 - 0x00007ffb63d1a000 	C:\WINDOWS\system32\WS2_32.dll
0x00007ffb54300000 - 0x00007ffb5432a000 	C:\WINDOWS\SYSTEM32\WINMMBASE.dll
0x00007ffb63de0000 - 0x00007ffb63de9000 	C:\WINDOWS\system32\NSI.dll
0x00007ffb62d30000 - 0x00007ffb62d7f000 	C:\WINDOWS\SYSTEM32\cfgmgr32.dll
0x00007ffb61870000 - 0x00007ffb61898000 	C:\WINDOWS\SYSTEM32\DEVOBJ.dll
0x000000005c780000 - 0x000000005c78f000 	C:\Program Files\Java\jdk1.7.0_51\jre\bin\verify.dll
0x000000005c750000 - 0x000000005c778000 	C:\Program Files\Java\jdk1.7.0_51\jre\bin\java.dll
0x000000005c730000 - 0x000000005c745000 	C:\Program Files\Java\jdk1.7.0_51\jre\bin\zip.dll
0x000000005c710000 - 0x000000005c729000 	C:\Program Files\Java\jdk1.7.0_51\jre\bin\net.dll
0x00007ffb62280000 - 0x00007ffb622d9000 	C:\WINDOWS\system32\mswsock.dll
0x000000005c6f0000 - 0x000000005c701000 	C:\Program Files\Java\jdk1.7.0_51\jre\bin\nio.dll
0x00007ffb622e0000 - 0x00007ffb62300000 	C:\WINDOWS\SYSTEM32\CRYPTSP.dll
0x00007ffb61f80000 - 0x00007ffb61fb6000 	C:\WINDOWS\system32\rsaenh.dll
0x00007ffb62540000 - 0x00007ffb62566000 	C:\WINDOWS\SYSTEM32\bcrypt.dll
0x00007ffb62880000 - 0x00007ffb628e3000 	C:\WINDOWS\system32\bcryptprimitives.dll
0x00007ffb629f0000 - 0x00007ffb629fb000 	C:\WINDOWS\SYSTEM32\CRYPTBASE.dll
0x00007ffb4ed80000 - 0x00007ffb4ed95000 	C:\WINDOWS\system32\napinsp.dll
0x00007ffb4eda0000 - 0x00007ffb4edba000 	C:\WINDOWS\system32\pnrpnsp.dll
0x00007ffb607a0000 - 0x00007ffb607bb000 	C:\WINDOWS\system32\NLAapi.dll
0x00007ffb62080000 - 0x00007ffb62124000 	C:\WINDOWS\SYSTEM32\DNSAPI.dll
0x00007ffb4eed0000 - 0x00007ffb4eedd000 	C:\WINDOWS\System32\winrnr.dll
0x00007ffb4eee0000 - 0x00007ffb4eef4000 	C:\WINDOWS\system32\wshbth.dll
0x00007ffb511a0000 - 0x00007ffb511aa000 	C:\Windows\System32\rasadhlp.dll
0x00007ffb5d210000 - 0x00007ffb5d23a000 	C:\WINDOWS\SYSTEM32\IPHLPAPI.DLL
0x00007ffb5fd80000 - 0x00007ffb5fd8a000 	C:\WINDOWS\SYSTEM32\WINNSI.DLL
0x00007ffb5c580000 - 0x00007ffb5c5eb000 	C:\WINDOWS\System32\fwpuclnt.dll
0x00007ffb481c0000 - 0x00007ffb481d2000 	C:\Users\Raveen\AppData\Local\Temp\native-platform7374687756062390254dir\native-platform.dll
0x00007ffb5bf50000 - 0x00007ffb5bf66000 	C:\WINDOWS\SYSTEM32\dhcpcsvc6.DLL
0x00007ffb5c0d0000 - 0x00007ffb5c0ea000 	C:\WINDOWS\SYSTEM32\dhcpcsvc.DLL

VM Arguments:
jvm_args: -XX:MaxPermSize=256m -XX:+HeapDumpOnOutOfMemoryError -Xmx1024m -Dfile.encoding=windows-1252 -Duser.country=US -Duser.language=en -Duser.variant 
java_command: org.gradle.launcher.daemon.bootstrap.GradleDaemon 2.2.1 C:\Users\Raveen\.gradle\daemon 10800000 ff3f3266-30ac-42b3-9d4f-118bbbcfe7a2 -XX:MaxPermSize=256m -XX:+HeapDumpOnOutOfMemoryError -Xmx1024m -Dfile.encoding=windows-1252 -Duser.country=US -Duser.language=en -Duser.variant
Launcher Type: SUN_STANDARD

Environment Variables:
JAVA_HOME=C:\Program Files\Java\jdk1.7.0_51
PATH=E:\app\raveenperera\product\12.1.0\dbhome_1\bin;C:\WINDOWS\system32;C:\WINDOWS;C:\WINDOWS\System32\Wbem;C:\WINDOWS\System32\WindowsPowerShell\v1.0\;C:\Program Files (x86)\ATI Technologies\ATI.ACE\Core-Static;C:\Program Files (x86)\Microsoft ASP.NET\ASP.NET Web Pages\v1.0\;C:\Program Files\Microsoft SQL Server\110\Tools\Binn\;C:\Program Files (x86)\Microsoft SQL Server\110\Tools\Binn\;C:\Program Files\Microsoft SQL Server\110\DTS\Binn\;C:\Program Files (x86)\Microsoft SQL Server\110\Tools\Binn\ManagementStudio\;C:\Program Files (x86)\Microsoft Visual Studio 10.0\Common7\IDE\PrivateAssemblies\;C:\Program Files (x86)\Microsoft SQL Server\110\DTS\Binn\;C:\Program Files (x86)\nodejs\;C:\Program Files\Java\jdk1.7.0_51\bin;C:\Program Files\Microsoft\Web Platform Installer\;C:\Program Files\TortoiseGit\bin;C:\Ruby200\bin;C:\Users\Raveen\AppData\Roaming\npm;C:\Program Files (x86)\Git\cmd;C:\Program Files (x86)\Heroku\bin;C:\Program Files (x86)\git\cmd;C:\apache-maven-3.2.5\bin;C:\wamp\bin\mysql\mysql5.5.24\bin;C:\Users\Raveen\GlassFish_Server\bin;C:\Program Files (x86)\Skype\Phone\;E:\mongodb\bin;C:\wamp\bin\php\php5.5.12;C:\ProgramData\ComposerSetup\bin;PATH;C:\Python27"
USERNAME=Raveen
OS=Windows_NT
PROCESSOR_IDENTIFIER=Intel64 Family 6 Model 58 Stepping 9, GenuineIntel



---------------  S Y S T E M  ---------------

OS: Windows 8 , 64 bit Build 9200 

CPU:total 8 (4 cores per cpu, 2 threads per core) family 6 model 58 stepping 9, cmov, cx8, fxsr, mmx, sse, sse2, sse3, ssse3, sse4.1, sse4.2, popcnt, avx, aes, erms, ht, tsc, tscinvbit, tscinv

Memory: 4k page, physical 8260968k(2334620k free), swap 11406696k(12456k free)

vm_info: Java HotSpot(TM) 64-Bit Server VM (24.51-b03) for windows-amd64 JRE (1.7.0_51-b13), built on Dec 18 2013 18:40:56 by "java_re" with unknown MS VC++:1600

time: Sat Mar 21 14:18:11 2015
elapsed time: 10 seconds

