#
# There is insufficient memory for the Java Runtime Environment to continue.
# Native memory allocation (malloc) failed to allocate 1088848 bytes for Chunk::new
# Possible reasons:
#   The system is out of physical RAM or swap space
#   In 32 bit mode, the process size limit was hit
# Possible solutions:
#   Reduce memory load on the system
#   Increase physical memory or swap space
#   Check if swap backing store is full
#   Use 64 bit Java on a 64 bit OS
#   Decrease Java heap size (-Xmx/-Xms)
#   Decrease number of Java threads
#   Decrease Java thread stack sizes (-Xss)
#   Set larger code cache with -XX:ReservedCodeCacheSize=
# This output file may be truncated or incomplete.
#
#  Out of Memory Error (allocation.cpp:323), pid=7460, tid=3516
#
# JRE version: Java(TM) SE Runtime Environment (7.0_51-b13) (build 1.7.0_51-b13)
# Java VM: Java HotSpot(TM) 64-Bit Server VM (24.51-b03 mixed mode windows-amd64 compressed oops)
# Failed to write core dump. Minidumps are not enabled by default on client versions of Windows
#

---------------  T H R E A D  ---------------

Current thread (0x000000000ae50800):  JavaThread "C2 CompilerThread0" daemon [_thread_in_native, id=3516, stack(0x000000000b430000,0x000000000b530000)]

Stack: [0x000000000b430000,0x000000000b530000]

Current CompileTask:
C2:   6634  508             java.lang.Class::privateGetPublicMethods (263 bytes)


---------------  P R O C E S S  ---------------

Java Threads: ( => current thread )
  0x000000000c5fe800 JavaThread "File lock request listener" [_thread_in_native, id=312, stack(0x000000000dca0000,0x000000000dda0000)]
  0x000000000c453800 JavaThread "Stdin handler" [_thread_blocked, id=7176, stack(0x000000000dba0000,0x000000000dca0000)]
  0x000000000c453000 JavaThread "Daemon worker" [_thread_in_Java, id=9108, stack(0x000000000da60000,0x000000000db60000)]
  0x000000000be4a000 JavaThread "Cancel handler" [_thread_blocked, id=8832, stack(0x000000000d960000,0x000000000da60000)]
  0x000000000be32800 JavaThread "Handler for socket connection from /127.0.0.1:52974 to /127.0.0.1:52975" [_thread_in_native, id=1056, stack(0x000000000d860000,0x000000000d960000)]
  0x000000000bed2800 JavaThread "Daemon" [_thread_blocked, id=5116, stack(0x000000000d760000,0x000000000d860000)]
  0x000000000be69800 JavaThread "Incoming local TCP Connector on port 52974" [_thread_in_native, id=8804, stack(0x000000000d660000,0x000000000d760000)]
  0x00000000024c8800 JavaThread "Service Thread" daemon [_thread_blocked, id=3200, stack(0x000000000b630000,0x000000000b730000)]
  0x00000000024c8000 JavaThread "C2 CompilerThread1" daemon [_thread_in_native, id=5280, stack(0x000000000b530000,0x000000000b630000)]
=>0x000000000ae50800 JavaThread "C2 CompilerThread0" daemon [_thread_in_native, id=3516, stack(0x000000000b430000,0x000000000b530000)]
  0x00000000024bf000 JavaThread "Attach Listener" daemon [_thread_blocked, id=5688, stack(0x000000000b330000,0x000000000b430000)]
  0x0000000008e7e800 JavaThread "Signal Dispatcher" daemon [_thread_blocked, id=5024, stack(0x000000000b230000,0x000000000b330000)]
  0x0000000008e6e800 JavaThread "Finalizer" daemon [_thread_blocked, id=9720, stack(0x000000000ad30000,0x000000000ae30000)]
  0x0000000008e66000 JavaThread "Reference Handler" daemon [_thread_blocked, id=3376, stack(0x000000000ac30000,0x000000000ad30000)]
  0x000000000083d800 JavaThread "main" [_thread_blocked, id=9444, stack(0x0000000002260000,0x0000000002360000)]

Other Threads:
  0x0000000008e64800 VMThread [stack: 0x000000000ab30000,0x000000000ac30000] [id=4904]
  0x000000000ae63000 WatcherThread [stack: 0x000000000b730000,0x000000000b830000] [id=3760]

VM state:not at safepoint (normal execution)

VM Mutex/Monitor currently owned by a thread: None

Heap
 PSYoungGen      total 141312K, used 121395K [0x00000000eaa80000, 0x00000000f3f80000, 0x0000000100000000)
  eden space 130560K, 88% used [0x00000000eaa80000,0x00000000f1adfe10,0x00000000f2a00000)
  from space 10752K, 58% used [0x00000000f2a00000,0x00000000f302d088,0x00000000f3480000)
  to   space 10240K, 0% used [0x00000000f3480000,0x00000000f3480000,0x00000000f3e80000)
 ParOldGen       total 86016K, used 13539K [0x00000000c0000000, 0x00000000c5400000, 0x00000000eaa80000)
  object space 86016K, 15% used [0x00000000c0000000,0x00000000c0d38ce0,0x00000000c5400000)
 PSPermGen       total 31744K, used 31604K [0x00000000b0000000, 0x00000000b1f00000, 0x00000000c0000000)
  object space 31744K, 99% used [0x00000000b0000000,0x00000000b1edd260,0x00000000b1f00000)

Card table byte_map: [0x0000000005590000,0x0000000005820000] byte_map_base: 0x0000000005010000

Polling page: 0x0000000000b00000

Code Cache  [0x00000000024d0000, 0x0000000002780000, 0x00000000054d0000)
 total_blobs=1078 nmethods=488 adapters=542 free_code_cache=46480Kb largest_free_block=47548288

Compilation events (10 events):
Event: 6.256 Thread 0x000000000ae50800 nmethod 503 0x000000000276fad0 code [0x000000000276fc40, 0x000000000276fee8]
Event: 6.257 Thread 0x000000000ae50800  504             java.lang.ref.Finalizer::register (10 bytes)
Event: 6.259 Thread 0x000000000ae50800 nmethod 504 0x0000000002772850 code [0x00000000027729c0, 0x0000000002772d38]
Event: 6.259 Thread 0x000000000ae50800  505             java.lang.ref.Finalizer::<init> (23 bytes)
Event: 6.261 Thread 0x000000000ae50800 nmethod 505 0x0000000002764010 code [0x0000000002764160, 0x0000000002764478]
Event: 6.261 Thread 0x000000000ae50800  506             java.lang.ref.FinalReference::<init> (7 bytes)
Event: 6.261 Thread 0x000000000ae50800 nmethod 506 0x000000000276f810 code [0x000000000276f940, 0x000000000276f9d8]
Event: 6.261 Thread 0x000000000ae50800  507   !         java.lang.ref.Finalizer::add (41 bytes)
Event: 6.263 Thread 0x000000000ae50800 nmethod 507 0x0000000002772390 code [0x00000000027724e0, 0x0000000002772798]
Event: 6.263 Thread 0x000000000ae50800  508             java.lang.Class::privateGetPublicMethods (263 bytes)

GC Heap History (10 events):
Event: 3.555 GC heap before
{Heap before GC invocations=5 (full 0):
 PSYoungGen      total 37888K, used 37864K [0x00000000eaa80000, 0x00000000ed480000, 0x0000000100000000)
  eden space 32768K, 100% used [0x00000000eaa80000,0x00000000eca80000,0x00000000eca80000)
  from space 5120K, 99% used [0x00000000ecf80000,0x00000000ed47a100,0x00000000ed480000)
  to   space 5120K, 0% used [0x00000000eca80000,0x00000000eca80000,0x00000000ecf80000)
 ParOldGen       total 86016K, used 8057K [0x00000000c0000000, 0x00000000c5400000, 0x00000000eaa80000)
  object space 86016K, 9% used [0x00000000c0000000,0x00000000c07de6f8,0x00000000c5400000)
 PSPermGen       total 21504K, used 20511K [0x00000000b0000000, 0x00000000b1500000, 0x00000000c0000000)
  object space 21504K, 95% used [0x00000000b0000000,0x00000000b1407d28,0x00000000b1500000)
Event: 3.560 GC heap after
Heap after GC invocations=5 (full 0):
 PSYoungGen      total 37888K, used 5112K [0x00000000eaa80000, 0x00000000efd80000, 0x0000000100000000)
  eden space 32768K, 0% used [0x00000000eaa80000,0x00000000eaa80000,0x00000000eca80000)
  from space 5120K, 99% used [0x00000000eca80000,0x00000000ecf7e0f0,0x00000000ecf80000)
  to   space 9728K, 0% used [0x00000000ef400000,0x00000000ef400000,0x00000000efd80000)
 ParOldGen       total 86016K, used 8249K [0x00000000c0000000, 0x00000000c5400000, 0x00000000eaa80000)
  object space 86016K, 9% used [0x00000000c0000000,0x00000000c080e6f8,0x00000000c5400000)
 PSPermGen       total 21504K, used 20511K [0x00000000b0000000, 0x00000000b1500000, 0x00000000c0000000)
  object space 21504K, 95% used [0x00000000b0000000,0x00000000b1407d28,0x00000000b1500000)
}
Event: 3.668 GC heap before
{Heap before GC invocations=6 (full 0):
 PSYoungGen      total 37888K, used 37880K [0x00000000eaa80000, 0x00000000efd80000, 0x0000000100000000)
  eden space 32768K, 100% used [0x00000000eaa80000,0x00000000eca80000,0x00000000eca80000)
  from space 5120K, 99% used [0x00000000eca80000,0x00000000ecf7e0f0,0x00000000ecf80000)
  to   space 9728K, 0% used [0x00000000ef400000,0x00000000ef400000,0x00000000efd80000)
 ParOldGen       total 86016K, used 8249K [0x00000000c0000000, 0x00000000c5400000, 0x00000000eaa80000)
  object space 86016K, 9% used [0x00000000c0000000,0x00000000c080e6f8,0x00000000c5400000)
 PSPermGen       total 21504K, used 20515K [0x00000000b0000000, 0x00000000b1500000, 0x00000000c0000000)
  object space 21504K, 95% used [0x00000000b0000000,0x00000000b1408d18,0x00000000b1500000)
Event: 3.675 GC heap after
Heap after GC invocations=6 (full 0):
 PSYoungGen      total 75264K, used 5432K [0x00000000eaa80000, 0x00000000efd80000, 0x0000000100000000)
  eden space 65536K, 0% used [0x00000000eaa80000,0x00000000eaa80000,0x00000000eea80000)
  from space 9728K, 55% used [0x00000000ef400000,0x00000000ef94e0d0,0x00000000efd80000)
  to   space 9728K, 0% used [0x00000000eea80000,0x00000000eea80000,0x00000000ef400000)
 ParOldGen       total 86016K, used 8249K [0x00000000c0000000, 0x00000000c5400000, 0x00000000eaa80000)
  object space 86016K, 9% used [0x00000000c0000000,0x00000000c080e6f8,0x00000000c5400000)
 PSPermGen       total 21504K, used 20515K [0x00000000b0000000, 0x00000000b1500000, 0x00000000c0000000)
  object space 21504K, 95% used [0x00000000b0000000,0x00000000b1408d18,0x00000000b1500000)
}
Event: 3.899 GC heap before
{Heap before GC invocations=7 (full 0):
 PSYoungGen      total 75264K, used 70968K [0x00000000eaa80000, 0x00000000efd80000, 0x0000000100000000)
  eden space 65536K, 100% used [0x00000000eaa80000,0x00000000eea80000,0x00000000eea80000)
  from space 9728K, 55% used [0x00000000ef400000,0x00000000ef94e0d0,0x00000000efd80000)
  to   space 9728K, 0% used [0x00000000eea80000,0x00000000eea80000,0x00000000ef400000)
 ParOldGen       total 86016K, used 8249K [0x00000000c0000000, 0x00000000c5400000, 0x00000000eaa80000)
  object space 86016K, 9% used [0x00000000c0000000,0x00000000c080e6f8,0x00000000c5400000)
 PSPermGen       total 21504K, used 20536K [0x00000000b0000000, 0x00000000b1500000, 0x00000000c0000000)
  object space 21504K, 95% used [0x00000000b0000000,0x00000000b140e1e0,0x00000000b1500000)
Event: 3.906 GC heap after
Heap after GC invocations=7 (full 0):
 PSYoungGen      total 75264K, used 3268K [0x00000000eaa80000, 0x00000000f3e80000, 0x0000000100000000)
  eden space 65536K, 0% used [0x00000000eaa80000,0x00000000eaa80000,0x00000000eea80000)
  from space 9728K, 33% used [0x00000000eea80000,0x00000000eedb10e0,0x00000000ef400000)
  to   space 10240K, 0% used [0x00000000f3480000,0x00000000f3480000,0x00000000f3e80000)
 ParOldGen       total 86016K, used 10835K [0x00000000c0000000, 0x00000000c5400000, 0x00000000eaa80000)
  object space 86016K, 12% used [0x00000000c0000000,0x00000000c0a94df8,0x00000000c5400000)
 PSPermGen       total 21504K, used 20536K [0x00000000b0000000, 0x00000000b1500000, 0x00000000c0000000)
  object space 21504K, 95% used [0x00000000b0000000,0x00000000b140e1e0,0x00000000b1500000)
}
Event: 4.098 GC heap before
{Heap before GC invocations=8 (full 0):
 PSYoungGen      total 75264K, used 68804K [0x00000000eaa80000, 0x00000000f3e80000, 0x0000000100000000)
  eden space 65536K, 100% used [0x00000000eaa80000,0x00000000eea80000,0x00000000eea80000)
  from space 9728K, 33% used [0x00000000eea80000,0x00000000eedb10e0,0x00000000ef400000)
  to   space 10240K, 0% used [0x00000000f3480000,0x00000000f3480000,0x00000000f3e80000)
 ParOldGen       total 86016K, used 10835K [0x00000000c0000000, 0x00000000c5400000, 0x00000000eaa80000)
  object space 86016K, 12% used [0x00000000c0000000,0x00000000c0a94df8,0x00000000c5400000)
 PSPermGen       total 21504K, used 20544K [0x00000000b0000000, 0x00000000b1500000, 0x00000000c0000000)
  object space 21504K, 95% used [0x00000000b0000000,0x00000000b14101a0,0x00000000b1500000)
Event: 4.102 GC heap after
Heap after GC invocations=8 (full 0):
 PSYoungGen      total 140800K, used 1072K [0x00000000eaa80000, 0x00000000f3f80000, 0x0000000100000000)
  eden space 130560K, 0% used [0x00000000eaa80000,0x00000000eaa80000,0x00000000f2a00000)
  from space 10240K, 10% used [0x00000000f3480000,0x00000000f358c010,0x00000000f3e80000)
  to   space 10752K, 0% used [0x00000000f2a00000,0x00000000f2a00000,0x00000000f3480000)
 ParOldGen       total 86016K, used 13195K [0x00000000c0000000, 0x00000000c5400000, 0x00000000eaa80000)
  object space 86016K, 15% used [0x00000000c0000000,0x00000000c0ce2ce0,0x00000000c5400000)
 PSPermGen       total 21504K, used 20544K [0x00000000b0000000, 0x00000000b1500000, 0x00000000c0000000)
  object space 21504K, 95% used [0x00000000b0000000,0x00000000b14101a0,0x00000000b1500000)
}
Event: 4.983 GC heap before
{Heap before GC invocations=9 (full 0):
 PSYoungGen      total 140800K, used 131632K [0x00000000eaa80000, 0x00000000f3f80000, 0x0000000100000000)
  eden space 130560K, 100% used [0x00000000eaa80000,0x00000000f2a00000,0x00000000f2a00000)
  from space 10240K, 10% used [0x00000000f3480000,0x00000000f358c010,0x00000000f3e80000)
  to   space 10752K, 0% used [0x00000000f2a00000,0x00000000f2a00000,0x00000000f3480000)
 ParOldGen       total 86016K, used 13195K [0x00000000c0000000, 0x00000000c5400000, 0x00000000eaa80000)
  object space 86016K, 15% used [0x00000000c0000000,0x00000000c0ce2ce0,0x00000000c5400000)
 PSPermGen       total 23552K, used 23435K [0x00000000b0000000, 0x00000000b1700000, 0x00000000c0000000)
  object space 23552K, 99% used [0x00000000b0000000,0x00000000b16e2d28,0x00000000b1700000)
Event: 4.989 GC heap after
Heap after GC invocations=9 (full 0):
 PSYoungGen      total 141312K, used 6324K [0x00000000eaa80000, 0x00000000f3f80000, 0x0000000100000000)
  eden space 130560K, 0% used [0x00000000eaa80000,0x00000000eaa80000,0x00000000f2a00000)
  from space 10752K, 58% used [0x00000000f2a00000,0x00000000f302d088,0x00000000f3480000)
  to   space 10240K, 0% used [0x00000000f3480000,0x00000000f3480000,0x00000000f3e80000)
 ParOldGen       total 86016K, used 13539K [0x00000000c0000000, 0x00000000c5400000, 0x00000000eaa80000)
  object space 86016K, 15% used [0x00000000c0000000,0x00000000c0d38ce0,0x00000000c5400000)
 PSPermGen       total 23552K, used 23435K [0x00000000b0000000, 0x00000000b1700000, 0x00000000c0000000)
  object space 23552K, 99% used [0x00000000b0000000,0x00000000b16e2d28,0x00000000b1700000)
}

Deoptimization events (10 events):
Event: 5.891 Thread 0x000000000c453000 Uncommon trap: reason=array_check action=maybe_recompile pc=0x000000000273bcf8 method=java.util.AbstractCollection.toArray([Ljava/lang/Object;)[Ljava/lang/Object; @ 119
Event: 5.892 Thread 0x000000000c453000 Uncommon trap: reason=array_check action=maybe_recompile pc=0x000000000273bcf8 method=java.util.AbstractCollection.toArray([Ljava/lang/Object;)[Ljava/lang/Object; @ 119
Event: 6.134 Thread 0x000000000c453000 Uncommon trap: reason=unreached action=reinterpret pc=0x00000000026f0f34 method=sun.misc.URLClassPath.getLoader(I)Lsun/misc/URLClassPath$Loader; @ 101
Event: 6.146 Thread 0x000000000c453000 Uncommon trap: reason=unreached action=reinterpret pc=0x00000000026e9944 method=sun.misc.URLClassPath.getLoader(I)Lsun/misc/URLClassPath$Loader; @ 101
Event: 6.325 Thread 0x000000000c453000 Uncommon trap: reason=class_check action=maybe_recompile pc=0x00000000025bdfac method=java.lang.Throwable.<init>(Ljava/lang/String;Ljava/lang/Throwable;)V @ 24
Event: 6.325 Thread 0x000000000c453000 Uncommon trap: reason=class_check action=maybe_recompile pc=0x00000000025bdfac method=java.lang.Throwable.<init>(Ljava/lang/String;Ljava/lang/Throwable;)V @ 24
Event: 6.445 Thread 0x000000000c453000 Uncommon trap: reason=unreached action=reinterpret pc=0x00000000025d05cc method=org.gradle.internal.classloader.FilteringClassLoader.allowed(Ljava/lang/String;)Z @ 31
Event: 6.483 Thread 0x000000000c453000 Uncommon trap: reason=class_check action=maybe_recompile pc=0x000000000273b4d0 method=java.util.regex.Pattern$Slice.match(Ljava/util/regex/Matcher;ILjava/lang/CharSequence;)Z @ 75
Event: 6.492 Thread 0x000000000c453000 Uncommon trap: reason=unreached action=reinterpret pc=0x0000000002739c68 method=java.util.Properties$LineReader.readLine()I @ 37
Event: 6.553 Thread 0x000000000c453000 Uncommon trap: reason=class_check action=maybe_recompile pc=0x000000000273b4d0 method=java.util.regex.Pattern$Slice.match(Ljava/util/regex/Matcher;ILjava/lang/CharSequence;)Z @ 75

Internal exceptions (10 events):
Event: 6.627 Thread 0x000000000c453000 Threw 0x00000000f195c628 at C:\re\jdk7u51\527\hotspot\src\share\vm\prims\jvm.cpp:1244
Event: 6.627 Thread 0x000000000c453000 Threw 0x00000000f1962478 at C:\re\jdk7u51\527\hotspot\src\share\vm\prims\jvm.cpp:1244
Event: 6.627 Thread 0x000000000c453000 Threw 0x00000000f1962990 at C:\re\jdk7u51\527\hotspot\src\share\vm\classfile\systemDictionary.cpp:185
Event: 6.631 Thread 0x000000000c453000 Threw 0x00000000f198c1b8 at C:\re\jdk7u51\527\hotspot\src\share\vm\prims\jvm.cpp:1244
Event: 6.632 Thread 0x000000000c453000 Threw 0x00000000f1992698 at C:\re\jdk7u51\527\hotspot\src\share\vm\prims\jvm.cpp:1244
Event: 6.632 Thread 0x000000000c453000 Threw 0x00000000f19937e0 at C:\re\jdk7u51\527\hotspot\src\share\vm\prims\jvm.cpp:1244
Event: 6.632 Thread 0x000000000c453000 Threw 0x00000000f199e450 at C:\re\jdk7u51\527\hotspot\src\share\vm\prims\jvm.cpp:1244
Event: 6.632 Thread 0x000000000c453000 Threw 0x00000000f19a13f0 at C:\re\jdk7u51\527\hotspot\src\share\vm\prims\jvm.cpp:1244
Event: 6.632 Thread 0x000000000c453000 Threw 0x00000000f19a2480 at C:\re\jdk7u51\527\hotspot\src\share\vm\prims\jvm.cpp:1244
Event: 6.632 Thread 0x000000000c453000 Threw 0x00000000f19ac310 at C:\re\jdk7u51\527\hotspot\src\share\vm\prims\jvm.cpp:1244

Events (10 events):
Event: 6.626 loading class 0x000000000c56abf0
Event: 6.626 loading class 0x000000000c56abf0 done
Event: 6.627 loading class 0x000000000c56abf0
Event: 6.627 loading class 0x000000000c56abf0 done
Event: 6.631 loading class 0x000000000c7bbc40
Event: 6.631 loading class 0x000000000c7bbc40 done
Event: 6.632 loading class 0x000000000e8cd7d0
Event: 6.632 loading class 0x000000000e8cd7d0 done
Event: 6.632 loading class 0x000000000e8cf240
Event: 6.632 loading class 0x000000000e8cf240 done


Dynamic libraries:
0x00007ff6d5d40000 - 0x00007ff6d5d73000 	C:\Program Files\Java\jdk1.7.0_51\bin\java.exe
0x00007ffb65930000 - 0x00007ffb65adc000 	C:\WINDOWS\SYSTEM32\ntdll.dll
0x00007ffb65680000 - 0x00007ffb657be000 	C:\WINDOWS\system32\KERNEL32.DLL
0x00007ffb62e30000 - 0x00007ffb62f45000 	C:\WINDOWS\system32\KERNELBASE.dll
0x00007ffb61600000 - 0x00007ffb6168e000 	C:\WINDOWS\system32\apphelp.dll
0x00007ffb50720000 - 0x00007ffb50773000 	C:\WINDOWS\AppPatch\AppPatch64\AcGenral.DLL
0x00007ffb63280000 - 0x00007ffb6332a000 	C:\WINDOWS\system32\msvcrt.dll
0x00007ffb62850000 - 0x00007ffb6287e000 	C:\WINDOWS\SYSTEM32\SspiCli.dll
0x00007ffb62fb0000 - 0x00007ffb63004000 	C:\WINDOWS\system32\SHLWAPI.dll
0x00007ffb63100000 - 0x00007ffb63277000 	C:\WINDOWS\system32\USER32.dll
0x00007ffb63b20000 - 0x00007ffb63cb4000 	C:\WINDOWS\system32\ole32.dll
0x00007ffb64160000 - 0x00007ffb65678000 	C:\WINDOWS\system32\SHELL32.dll
0x00007ffb62010000 - 0x00007ffb62031000 	C:\WINDOWS\SYSTEM32\USERENV.dll
0x00007ffb64050000 - 0x00007ffb640fa000 	C:\WINDOWS\system32\ADVAPI32.dll
0x00007ffb59af0000 - 0x00007ffb59b0e000 	C:\WINDOWS\SYSTEM32\MPR.dll
0x00007ffb657e0000 - 0x00007ffb65921000 	C:\WINDOWS\system32\RPCRT4.dll
0x00007ffb63080000 - 0x00007ffb630d9000 	C:\WINDOWS\SYSTEM32\sechost.dll
0x00007ffb63df0000 - 0x00007ffb64001000 	C:\WINDOWS\SYSTEM32\combase.dll
0x00007ffb63810000 - 0x00007ffb63961000 	C:\WINDOWS\system32\GDI32.dll
0x00007ffb62a80000 - 0x00007ffb62a95000 	C:\WINDOWS\SYSTEM32\profapi.dll
0x00007ffb610e0000 - 0x00007ffb61192000 	C:\WINDOWS\SYSTEM32\SHCORE.dll
0x00007ffb64010000 - 0x00007ffb64046000 	C:\WINDOWS\system32\IMM32.DLL
0x00007ffb636b0000 - 0x00007ffb63801000 	C:\WINDOWS\system32\MSCTF.dll
0x00007ffb5ff70000 - 0x00007ffb601eb000 	C:\WINDOWS\WinSxS\amd64_microsoft.windows.common-controls_6595b64144ccf1df_6.0.9600.17415_none_6240486fecbd8abb\COMCTL32.dll
0x000000005cf60000 - 0x000000005d032000 	C:\Program Files\Java\jdk1.7.0_51\jre\bin\msvcr100.dll
0x000000005c790000 - 0x000000005cf59000 	C:\Program Files\Java\jdk1.7.0_51\jre\bin\server\jvm.dll
0x00007ffb36f10000 - 0x00007ffb36f19000 	C:\WINDOWS\SYSTEM32\WSOCK32.dll
0x00007ffb54330000 - 0x00007ffb54352000 	C:\WINDOWS\SYSTEM32\WINMM.dll
0x00007ffb657d0000 - 0x00007ffb657d7000 	C:\WINDOWS\system32\PSAPI.DLL
0x00007ffb63cc0000 - 0x00007ffb63d1a000 	C:\WINDOWS\system32\WS2_32.dll
0x00007ffb54300000 - 0x00007ffb5432a000 	C:\WINDOWS\SYSTEM32\WINMMBASE.dll
0x00007ffb63de0000 - 0x00007ffb63de9000 	C:\WINDOWS\system32\NSI.dll
0x00007ffb62d30000 - 0x00007ffb62d7f000 	C:\WINDOWS\SYSTEM32\cfgmgr32.dll
0x00007ffb61870000 - 0x00007ffb61898000 	C:\WINDOWS\SYSTEM32\DEVOBJ.dll
0x000000005c780000 - 0x000000005c78f000 	C:\Program Files\Java\jdk1.7.0_51\jre\bin\verify.dll
0x000000005c750000 - 0x000000005c778000 	C:\Program Files\Java\jdk1.7.0_51\jre\bin\java.dll
0x000000005c730000 - 0x000000005c745000 	C:\Program Files\Java\jdk1.7.0_51\jre\bin\zip.dll
0x000000005c710000 - 0x000000005c729000 	C:\Program Files\Java\jdk1.7.0_51\jre\bin\net.dll
0x00007ffb62280000 - 0x00007ffb622d9000 	C:\WINDOWS\system32\mswsock.dll
0x000000005c6f0000 - 0x000000005c701000 	C:\Program Files\Java\jdk1.7.0_51\jre\bin\nio.dll
0x00007ffb622e0000 - 0x00007ffb62300000 	C:\WINDOWS\SYSTEM32\CRYPTSP.dll
0x00007ffb61f80000 - 0x00007ffb61fb6000 	C:\WINDOWS\system32\rsaenh.dll
0x00007ffb62540000 - 0x00007ffb62566000 	C:\WINDOWS\SYSTEM32\bcrypt.dll
0x00007ffb62880000 - 0x00007ffb628e3000 	C:\WINDOWS\system32\bcryptprimitives.dll
0x00007ffb629f0000 - 0x00007ffb629fb000 	C:\WINDOWS\SYSTEM32\CRYPTBASE.dll
0x00007ffb4ed80000 - 0x00007ffb4ed95000 	C:\WINDOWS\system32\napinsp.dll
0x00007ffb4eda0000 - 0x00007ffb4edba000 	C:\WINDOWS\system32\pnrpnsp.dll
0x00007ffb607a0000 - 0x00007ffb607bb000 	C:\WINDOWS\system32\NLAapi.dll
0x00007ffb62080000 - 0x00007ffb62124000 	C:\WINDOWS\SYSTEM32\DNSAPI.dll
0x00007ffb4eed0000 - 0x00007ffb4eedd000 	C:\WINDOWS\System32\winrnr.dll
0x00007ffb4eee0000 - 0x00007ffb4eef4000 	C:\WINDOWS\system32\wshbth.dll
0x00007ffb511a0000 - 0x00007ffb511aa000 	C:\Windows\System32\rasadhlp.dll
0x00007ffb5d210000 - 0x00007ffb5d23a000 	C:\WINDOWS\SYSTEM32\IPHLPAPI.DLL
0x00007ffb5fd80000 - 0x00007ffb5fd8a000 	C:\WINDOWS\SYSTEM32\WINNSI.DLL
0x00007ffb5c580000 - 0x00007ffb5c5eb000 	C:\WINDOWS\System32\fwpuclnt.dll
0x00007ffb481c0000 - 0x00007ffb481d2000 	C:\Users\Raveen\AppData\Local\Temp\native-platform9041113464006509601dir\native-platform.dll
0x00007ffb5bf50000 - 0x00007ffb5bf66000 	C:\WINDOWS\SYSTEM32\dhcpcsvc6.DLL
0x00007ffb5c0d0000 - 0x00007ffb5c0ea000 	C:\WINDOWS\SYSTEM32\dhcpcsvc.DLL

VM Arguments:
jvm_args: -XX:MaxPermSize=256m -XX:+HeapDumpOnOutOfMemoryError -Xmx1024m -Dfile.encoding=windows-1252 -Duser.country=US -Duser.language=en -Duser.variant 
java_command: org.gradle.launcher.daemon.bootstrap.GradleDaemon 2.2.1 C:\Users\Raveen\.gradle\daemon 10800000 860a0e9b-8ffb-4756-9ecf-0cc7aa016279 -XX:MaxPermSize=256m -XX:+HeapDumpOnOutOfMemoryError -Xmx1024m -Dfile.encoding=windows-1252 -Duser.country=US -Duser.language=en -Duser.variant
Launcher Type: SUN_STANDARD

Environment Variables:
JAVA_HOME=C:\Program Files\Java\jdk1.7.0_51
PATH=E:\app\raveenperera\product\12.1.0\dbhome_1\bin;C:\WINDOWS\system32;C:\WINDOWS;C:\WINDOWS\System32\Wbem;C:\WINDOWS\System32\WindowsPowerShell\v1.0\;C:\Program Files (x86)\ATI Technologies\ATI.ACE\Core-Static;C:\Program Files (x86)\Microsoft ASP.NET\ASP.NET Web Pages\v1.0\;C:\Program Files\Microsoft SQL Server\110\Tools\Binn\;C:\Program Files (x86)\Microsoft SQL Server\110\Tools\Binn\;C:\Program Files\Microsoft SQL Server\110\DTS\Binn\;C:\Program Files (x86)\Microsoft SQL Server\110\Tools\Binn\ManagementStudio\;C:\Program Files (x86)\Microsoft Visual Studio 10.0\Common7\IDE\PrivateAssemblies\;C:\Program Files (x86)\Microsoft SQL Server\110\DTS\Binn\;C:\Program Files (x86)\nodejs\;C:\Program Files\Java\jdk1.7.0_51\bin;C:\Program Files\Microsoft\Web Platform Installer\;C:\Program Files\TortoiseGit\bin;C:\Ruby200\bin;C:\Users\Raveen\AppData\Roaming\npm;C:\Program Files (x86)\Git\cmd;C:\Program Files (x86)\Heroku\bin;C:\Program Files (x86)\git\cmd;C:\apache-maven-3.2.5\bin;C:\wamp\bin\mysql\mysql5.5.24\bin;C:\Users\Raveen\GlassFish_Server\bin;C:\Program Files (x86)\Skype\Phone\;E:\mongodb\bin;C:\wamp\bin\php\php5.5.12;C:\ProgramData\ComposerSetup\bin;PATH;C:\Python27"
USERNAME=Raveen
OS=Windows_NT
PROCESSOR_IDENTIFIER=Intel64 Family 6 Model 58 Stepping 9, GenuineIntel



---------------  S Y S T E M  ---------------

OS: Windows 8 , 64 bit Build 9200 

CPU:total 8 (4 cores per cpu, 2 threads per core) family 6 model 58 stepping 9, cmov, cx8, fxsr, mmx, sse, sse2, sse3, ssse3, sse4.1, sse4.2, popcnt, avx, aes, erms, ht, tsc, tscinvbit, tscinv

Memory: 4k page, physical 8260968k(2331764k free), swap 11406696k(5360k free)

vm_info: Java HotSpot(TM) 64-Bit Server VM (24.51-b03) for windows-amd64 JRE (1.7.0_51-b13), built on Dec 18 2013 18:40:56 by "java_re" with unknown MS VC++:1600

time: Sat Mar 21 14:18:18 2015
elapsed time: 6 seconds

